<component name="libraryTable">
  <library name="junit-jupiter-engine-5.5.2">
    <CLASSES>
      <root url="jar://$PROJECT_DIR$/lib/junit-jupiter-engine-5.5.2.jar!/" />
    </CLASSES>
    <JAVADOC />
    <SOURCES />
  </library>
</component>